Arguments: 
  /usr/bin/node /usr/share/yarn/bin/yarn.js init

PATH: 
  /home/eguneys/.local/bin:/home/eguneys/.yarn/bin:/home/eguneys/.npm-global/bin:/usr/local/sbin:/usr/local/bin:/usr/bin:/home/eguneys/bin:/home/eguneys/.local/bin:/home/eguneys/.yarn/bin:/home/eguneys/.npm-global/bin:/usr/local/sbin:/usr/local/bin:/usr/bin:/home/eguneys/bin:/usr/local/sbin:/usr/local/bin:/usr/sbin:/usr/bin:/sbin:/bin:/usr/games:/usr/local/games:/snap/bin:/home/eguneys/gems/bin:/home/eguneys/.rvm/bin:/home/eguneys/fp/scala/learn/activator-dist-1.3.6:/home/eguneys/bin:/home/eguneys/gems/bin:/home/eguneys/.rvm/bin:/home/eguneys/fp/scala/learn/activator-dist-1.3.6:/home/eguneys/bin:/home/eguneys/gems/bin:/home/eguneys/.rvm/bin:/home/eguneys/fp/scala/learn/activator-dist-1.3.6:/home/eguneys/bin

Yarn version: 
  1.22.4

Node version: 
  14.12.0

Platform: 
  linux x64

Trace: 
  Error: canceled
      at Interface.<anonymous> (/usr/share/yarn/lib/cli.js:137008:13)
      at Interface.emit (events.js:314:20)
      at Interface._ttyWrite (readline.js:875:16)
      at ReadStream.onkeypress (readline.js:213:10)
      at ReadStream.emit (events.js:314:20)
      at emitKeys (internal/readline/utils.js:344:14)
      at emitKeys.next (<anonymous>)
      at ReadStream.onData (readline.js:1144:36)
      at ReadStream.emit (events.js:314:20)
      at addChunk (_stream_readable.js:307:12)

npm manifest: 
  {
    "name": "practice",
    "version": "1.0.0",
    "main": "index.js",
    "license": "MIT",
    "scripts": {
      "dev": "webpack --env=development",
      "prod": "webpack --env=production"
    },
    "devDependencies": {
      "webpack": "^5.1.3",
      "webpack-cli": "^4.0.0"
    }
  }

yarn manifest: 
  No manifest

Lockfile: 
  No lockfile
