Arguments: 
  /usr/bin/node /usr/share/yarn/bin/yarn.js add webpack webpack-cli --dev

PATH: 
  /home/eguneys/.local/bin:/home/eguneys/.yarn/bin:/home/eguneys/.npm-global/bin:/usr/local/sbin:/usr/local/bin:/usr/bin:/home/eguneys/bin:/home/eguneys/.local/bin:/home/eguneys/.yarn/bin:/home/eguneys/.npm-global/bin:/usr/local/sbin:/usr/local/bin:/usr/bin:/home/eguneys/bin:/usr/local/sbin:/usr/local/bin:/usr/sbin:/usr/bin:/sbin:/bin:/usr/games:/usr/local/games:/snap/bin:/home/eguneys/gems/bin:/home/eguneys/.rvm/bin:/home/eguneys/fp/scala/learn/activator-dist-1.3.6:/home/eguneys/bin:/home/eguneys/gems/bin:/home/eguneys/.rvm/bin:/home/eguneys/fp/scala/learn/activator-dist-1.3.6:/home/eguneys/bin:/home/eguneys/gems/bin:/home/eguneys/.rvm/bin:/home/eguneys/fp/scala/learn/activator-dist-1.3.6:/home/eguneys/bin

Yarn version: 
  1.22.4

Node version: 
  14.12.0

Platform: 
  linux x64

Trace: 
  Error: getaddrinfo EAI_AGAIN registry.yarnpkg.com
      at GetAddrInfoReqWrap.onlookup [as oncomplete] (dns.js:67:26)

npm manifest: 
  {
    "name": "editor",
    "version": "1.0.0",
    "main": "index.js",
    "scripts": {
      "dev": "webpack --watch --env=development",
      "dist": "webpack --env=production"
    },
    "license": "MIT"
  }

yarn manifest: 
  No manifest

Lockfile: 
  # THIS IS AN AUTOGENERATED FILE. DO NOT EDIT THIS FILE DIRECTLY.
  # yarn lockfile v1
